1769881295: mosquitto version 2.0.18 starting
1769881295: Using default config.
1769881295: Starting in local only mode. Connections will only be possible from clients running on this machine.
1769881295: Create a configuration file which defines a listener to allow remote access.
1769881295: For more details see https://mosquitto.org/documentation/authentication-methods/
1769881295: Opening ipv4 listen socket on port 1883.
1769881295: Opening ipv6 listen socket on port 1883.
1769881295: mosquitto version 2.0.18 running
1769881295: New connection from 127.0.0.1:39650 on port 1883.
1769881295: New client connected from 127.0.0.1:39650 as auto-6750FB42-9983-7406-C7B9-497F7CAC76D9 (p2, c1, k60).
1769881295: No will message specified.
1769881295: Sending CONNACK to auto-6750FB42-9983-7406-C7B9-497F7CAC76D9 (0, 0)
1769881295: Received SUBSCRIBE from auto-6750FB42-9983-7406-C7B9-497F7CAC76D9
1769881295: 	metaverse/trace (QoS 0)
1769881295: auto-6750FB42-9983-7406-C7B9-497F7CAC76D9 0 metaverse/trace
1769881295: Sending SUBACK to auto-6750FB42-9983-7406-C7B9-497F7CAC76D9
1769881295: New connection from 127.0.0.1:39664 on port 1883.
1769881295: New connection from 127.0.0.1:39666 on port 1883.
1769881295: New client connected from 127.0.0.1:39664 as auto-6EE8E045-DA25-2B3A-2932-A74B5C9B9C44 (p2, c1, k60).
1769881295: No will message specified.
1769881295: Sending CONNACK to auto-6EE8E045-DA25-2B3A-2932-A74B5C9B9C44 (0, 0)
1769881295: New client connected from 127.0.0.1:39666 as auto-02DD4377-510B-D7E6-541B-F696FB9417C8 (p2, c1, k60).
1769881295: No will message specified.
1769881295: Sending CONNACK to auto-02DD4377-510B-D7E6-541B-F696FB9417C8 (0, 0)
1769881295: Received SUBSCRIBE from auto-6EE8E045-DA25-2B3A-2932-A74B5C9B9C44
1769881295: 	metaverse/trace (QoS 0)
1769881295: auto-6EE8E045-DA25-2B3A-2932-A74B5C9B9C44 0 metaverse/trace
1769881295: Sending SUBACK to auto-6EE8E045-DA25-2B3A-2932-A74B5C9B9C44
1769881295: Received SUBSCRIBE from auto-02DD4377-510B-D7E6-541B-F696FB9417C8
1769881295: 	metaverse/trace (QoS 0)
1769881295: auto-02DD4377-510B-D7E6-541B-F696FB9417C8 0 metaverse/trace
1769881295: Sending SUBACK to auto-02DD4377-510B-D7E6-541B-F696FB9417C8
1769881295: New connection from 127.0.0.1:39680 on port 1883.
1769881295: New client connected from 127.0.0.1:39680 as auto-513E37B7-24B2-E642-1C70-A6A3608D1060 (p2, c1, k60).
1769881295: No will message specified.
1769881295: Sending CONNACK to auto-513E37B7-24B2-E642-1C70-A6A3608D1060 (0, 0)
1769881295: Received SUBSCRIBE from auto-513E37B7-24B2-E642-1C70-A6A3608D1060
1769881295: 	metaverse/trace (QoS 0)
1769881295: auto-513E37B7-24B2-E642-1C70-A6A3608D1060 0 metaverse/trace
1769881295: Sending SUBACK to auto-513E37B7-24B2-E642-1C70-A6A3608D1060
1769881295: New connection from 127.0.0.1:39696 on port 1883.
1769881295: New client connected from 127.0.0.1:39696 as auto-39DF58D2-E0F2-7650-A0D4-40A12F9DE4C8 (p2, c1, k60).
1769881295: No will message specified.
1769881295: Sending CONNACK to auto-39DF58D2-E0F2-7650-A0D4-40A12F9DE4C8 (0, 0)
1769881295: Received PUBLISH from auto-39DF58D2-E0F2-7650-A0D4-40A12F9DE4C8 (d0, q0, r0, m0, 'metaverse/trace', ... (5 bytes))
1769881295: Sending PUBLISH to auto-6750FB42-9983-7406-C7B9-497F7CAC76D9 (d0, q0, r0, m0, 'metaverse/trace', ... (5 bytes))
1769881295: Sending PUBLISH to auto-6EE8E045-DA25-2B3A-2932-A74B5C9B9C44 (d0, q0, r0, m0, 'metaverse/trace', ... (5 bytes))
1769881295: Sending PUBLISH to auto-02DD4377-510B-D7E6-541B-F696FB9417C8 (d0, q0, r0, m0, 'metaverse/trace', ... (5 bytes))
1769881295: Sending PUBLISH to auto-513E37B7-24B2-E642-1C70-A6A3608D1060 (d0, q0, r0, m0, 'metaverse/trace', ... (5 bytes))
1769881295: Received DISCONNECT from auto-39DF58D2-E0F2-7650-A0D4-40A12F9DE4C8
1769881295: Client auto-39DF58D2-E0F2-7650-A0D4-40A12F9DE4C8 disconnected.
1769881297: mosquitto version 2.0.18 terminating
